<?xml version="1.0" encoding="UTF-8"?>
<!-- Generated by org.testng.reporters.JUnitReportReporter -->
<testsuite hostname="Harikrishna" failures="0" tests="1" name="basic.TestClass" time="0.009" errors="0" timestamp="2024-08-26T16:14:05 IST" skipped="0">
  <testcase classname="basic.TestClass" name="testSetup" time="0.009"/>
  <system-out>
    <![CDATA[demo1
demo1
demo3
hello word
demo1
demo1
demo1
demo1
demo1
demo1
demo1]]>
  </system-out>
</testsuite> <!-- basic.TestClass -->
