<?xml version="1.0" encoding="UTF-8"?>
<!-- Generated by org.testng.reporters.JUnitReportReporter -->
<testsuite hostname="Harikrishna" failures="0" tests="1" name="basic.TestNGSample" time="0.008" errors="0" timestamp="2024-08-26T16:14:05 IST" skipped="0">
  <testcase classname="basic.TestNGSample" name="test" time="0.008">
    <system-out>
      <![CDATA[hello word]]>
    </system-out>
  </testcase> <!-- test -->
  <system-out>
    <![CDATA[demo1
demo1
demo3
hello word
demo1
demo1
demo1
demo1
demo1
demo1
demo1]]>
  </system-out>
</testsuite> <!-- basic.TestNGSample -->
