<?xml version="1.0" encoding="UTF-8"?>
<!-- Generated by org.testng.reporters.JUnitReportReporter -->
<testsuite hostname="Harikrishna" failures="0" tests="2" name="basic.TestNGEnable" time="0.000" errors="0" timestamp="2024-08-26T16:14:05 IST" skipped="1">
  <testcase classname="basic.TestNGEnable" name="demo2" time="0.000">
    <system-out>
      <![CDATA[demo1]]>
    </system-out>
  </testcase> <!-- demo2 -->
  <testcase classname="basic.TestNGEnable" name="demo3">
    <skipped/>
  </testcase> <!-- demo3 -->
  <system-out>
    <![CDATA[demo1
demo1
demo3
hello word
demo1
demo1
demo1
demo1
demo1
demo1
demo1]]>
  </system-out>
</testsuite> <!-- basic.TestNGEnable -->
