<?xml version="1.0" encoding="UTF-8"?>
<!-- Generated by org.testng.reporters.JUnitReportReporter -->
<testsuite hostname="Harikrishna" failures="0" tests="6" name="basic.TestNGPriority" time="0.016" errors="0" timestamp="2024-08-26T16:14:05 IST" skipped="0">
  <testcase classname="basic.TestNGPriority" name="demo4" time="0.006">
    <system-out>
      <![CDATA[demo1]]>
    </system-out>
  </testcase> <!-- demo4 -->
  <testcase classname="basic.TestNGPriority" name="demo5" time="0.006">
    <system-out>
      <![CDATA[demo1]]>
    </system-out>
  </testcase> <!-- demo5 -->
  <testcase classname="basic.TestNGPriority" name="demo3" time="0.000">
    <system-out>
      <![CDATA[demo1]]>
    </system-out>
  </testcase> <!-- demo3 -->
  <testcase classname="basic.TestNGPriority" name="demo2" time="0.004">
    <system-out>
      <![CDATA[demo1]]>
    </system-out>
  </testcase> <!-- demo2 -->
  <testcase classname="basic.TestNGPriority" name="demo6" time="0.000">
    <system-out>
      <![CDATA[demo1]]>
    </system-out>
  </testcase> <!-- demo6 -->
  <testcase classname="basic.TestNGPriority" name="demo1" time="0.000">
    <system-out>
      <![CDATA[demo1]]>
    </system-out>
  </testcase> <!-- demo1 -->
  <system-out>
    <![CDATA[demo1
demo1
demo3
hello word
demo1
demo1
demo1
demo1
demo1
demo1
demo1]]>
  </system-out>
</testsuite> <!-- basic.TestNGPriority -->
