<?xml version="1.0" encoding="UTF-8"?>
<!-- Generated by org.testng.reporters.JUnitReportReporter -->
<testsuite hostname="Harikrishna" failures="0" tests="2" name="basic.DependaonMethodsTestNG" time="20.399" errors="0" timestamp="2024-08-26T16:14:05 IST" skipped="0">
  <testcase classname="basic.DependaonMethodsTestNG" name="loginToApp" time="13.528"/>
  <testcase classname="basic.DependaonMethodsTestNG" name="navigateToApp" time="6.871"/>
  <system-out>
    <![CDATA[demo1
demo1
demo3
hello word
demo1
demo1
demo1
demo1
demo1
demo1
demo1]]>
  </system-out>
</testsuite> <!-- basic.DependaonMethodsTestNG -->
