<?xml version="1.0" encoding="UTF-8"?>
<!-- Generated by org.testng.reporters.JUnitReportReporter -->
<testsuite hostname="Harikrishna" failures="0" tests="3" name="basic.TestNGCount" time="0.023" errors="0" timestamp="2024-08-26T16:14:05 IST" skipped="0">
  <testcase classname="basic.TestNGCount" name="demo1" time="0.012">
    <system-out>
      <![CDATA[demo1]]>
    </system-out>
  </testcase> <!-- demo1 -->
  <testcase classname="basic.TestNGCount" name="demo1" time="0.007">
    <system-out>
      <![CDATA[demo1]]>
    </system-out>
  </testcase> <!-- demo1 -->
  <testcase classname="basic.TestNGCount" name="demo3" time="0.004">
    <system-out>
      <![CDATA[demo3]]>
    </system-out>
  </testcase> <!-- demo3 -->
  <system-out>
    <![CDATA[demo1
demo1
demo3
hello word
demo1
demo1
demo1
demo1
demo1
demo1
demo1]]>
  </system-out>
</testsuite> <!-- basic.TestNGCount -->
